<?xml version="1.0" encoding="UTF-8"?>
<testsuite name="queues.NetworkTests" tests="2" skipped="0" failures="0" errors="0" timestamp="2024-01-22T22:23:22" hostname="bartlomiej-MS-7B17" time="0.023">
  <properties/>
  <testcase name="FIFO queue and sink combine OK" classname="queues.NetworkTests" time="0.022"/>
  <testcase name="FIFO and LIFO queues combine OK" classname="queues.NetworkTests" time="0.001"/>
  <system-out><![CDATA[]]></system-out>
  <system-err><![CDATA[]]></system-err>
</testsuite>
